therion 6.1.8 (2023-06-14)
  - using Proj 9.2.1, compiled against 9.2.1
initialization file: C:\Program Files (x86)\Therion/therion.ini
reading ... done
configuration file: config.thconfig
reading ... done
reading source files ... done
preprocessing database ... done
output coordinate system: EPSG:21781
meridian convergence (deg): 0.6433
geomag declinations (deg):
  2023.1.1  2.7524
  2024.1.1  2.9191
scanning centreline tree ... done
searching for centerline loops ... done
calculating station coordinates ... done
average loop error: 0.48%
processing survey data ... 
####################### cavern log file ########################
 1> Survex 1.4.4
 2> Copyright ¸ 1990-2021 Olly Betts
 3> 
 4> La topographie contient 30 stations, connect‚es par 51 vis‚es.
 5> Il y a 22 bouclages.
 6> Longueur totale de la topographie =  216.63m ( 216.63m ajust‚)
 7> Longueur totale en projection horizontale =  209.88m
 8> Longueur totale verticale =   43.78m
 9> Intervalle vertical = 8.22m (de 2 … 590.12m jusqu'… 19 … 581.90m)
10> Intervalle Nord-Sud = 47.12m (de 1 … 185822.21m jusqu'… 26 … 185775.08m)
11> Intervalle Est-Ouest = 67.47m (de 1 … 533341.94m jusqu'… 26 … 533274.47m)
12>    7 1-noeuds.
13>    1 2-noeud.
14>    1 3-noeud.
15>   15 4-noeuds.
16>    6 5-noeuds.
17> 
######################### transcription ########################
 4> 30 : S3@GrandFontannet
 5> 22 : 16@GrandFontannet
 9> 2 : 1@GrandFontannet -- 19 : 14@GrandFontannet
10> 1 : 0@GrandFontannet -- 26 : C8@GrandFontannet
11> 1 : 0@GrandFontannet -- 26 : C8@GrandFontannet
12> 7 : 5@GrandFontannet
13> 1 : 0@GrandFontannet
14> 1 : 0@GrandFontannet
15> 15 : 11@GrandFontannet
16> 6 : 4@GrandFontannet
#################### end of cavern log file ####################
done
calculating basic statistics ... done
processing extended elevation ... done
processing references ... done
selecting export objects ... done
writing GrandFontannet.3d ... done
writing GrandFontannet.kml ... done
writing GrandFontannet.sql ... done
writing xtherion file ... done
compilation time: 0 sec


######################### loop errors ##########################
REL-ERR ABS-ERR TOTAL-L STS X-ERROR Y-ERROR Z-ERROR STATIONS
  1.21%    0.1m   10.2m   2    0.1m   -0.1m   -0.0m [S2@GrandFontannet - S3 - S2]
  1.05%    0.1m    8.7m   2   -0.0m    0.1m   -0.0m [5@GrandFontannet - 6 - 5]
  0.88%    0.1m   15.1m   2   -0.0m    0.1m    0.0m [0@GrandFontannet - 1 - 0]
  0.86%    0.0m    4.1m   2   -0.0m   -0.0m   -0.0m [S0@GrandFontannet - S1 - S0]
  0.72%    0.1m   16.0m   2   -0.1m   -0.1m    0.0m [S3@GrandFontannet - 0 - S3]
  0.58%    0.1m    9.3m   2    0.0m   -0.0m    0.0m [15@GrandFontannet - 16 - 15]
  0.52%    0.1m   16.5m   2   -0.0m    0.1m    0.0m [6@GrandFontannet - 7 - 6]
  0.49%    0.0m    6.7m   2    0.0m    0.0m   -0.0m [13@GrandFontannet - 14 - 13]
  0.47%    0.1m   15.1m   2    0.1m   -0.0m    0.0m [9@GrandFontannet - 10 - 9]
  0.45%    0.1m   13.3m   2    0.1m   -0.0m    0.0m [3@GrandFontannet - 4 - 3]
  0.43%    0.0m    7.9m   2   -0.0m    0.0m   -0.0m [14@GrandFontannet - 15 - 14]
  0.37%    0.0m   11.9m   2   -0.0m    0.0m   -0.0m [11@GrandFontannet - 12 - 11]
  0.34%    0.1m   17.8m   2    0.1m    0.0m    0.0m [S1@GrandFontannet - S2 - S1]
  0.34%    0.0m   14.7m   2   -0.0m    0.0m   -0.0m [7@GrandFontannet - 8 - 7]
  0.31%    0.0m    9.7m   2   -0.0m    0.0m    0.0m [8@GrandFontannet - 9 - 8]
  0.27%    0.0m    9.8m   2    0.0m   -0.0m   -0.0m [2@GrandFontannet - 3 - 2]
  0.26%    0.0m   10.7m   2    0.0m   -0.0m    0.0m [4@GrandFontannet - 5 - 4]
  0.26%    0.0m    6.0m   2   -0.0m    0.0m    0.0m [16@GrandFontannet - 17 - 16]
  0.25%    0.0m    9.0m   2   -0.0m   -0.0m    0.0m [17@GrandFontannet - 18 - 17]
  0.21%    0.0m   10.8m   2   -0.0m    0.0m   -0.0m [1@GrandFontannet - 2 - 1]
  0.19%    0.0m   10.3m   2    0.0m   -0.0m   -0.0m [10@GrandFontannet - 11 - 10]
  0.17%    0.0m   13.2m   2    0.0m   -0.0m    0.0m [12@GrandFontannet - 13 - 12]
##################### end of loop errors #######################

############# CRS transformations chosen by PROJ ###############
  Area of Use (AoU): (6.565, 46.820) (6.565, 46.820)
  [LAT-LONG â†’ LAT-LONG] AoU: [no] transformation: [axis order change (2D) + Null geographic offset from WGS 84 to WGS 84 + axis order change (2D)] definition: [proj=noop ellps=GRS80] accuracy: [0.000 m]
  [LAT-LONG â†’ EPSG:21781] AoU: [yes] transformation: [axis order change (2D) + Inverse of CH1903 to WGS 84 (2) + Swiss Oblique Mercator 1903M] definition: [proj=pipeline step proj=unitconvert xy_in=deg xy_out=rad step proj=push v_3 step proj=cart ellps=WGS84 step proj=helmert x=-674.374 y=-15.056 z=-405.346 step inv proj=cart ellps=bessel step proj=pop v_3 step proj=somerc lat_0=46.9524055555556 lon_0=7.43958333333333 k_0=1 x_0=600000 y_0=200000 ellps=bessel] accuracy: [1.500 m]
  [EPSG:4326 â†’ EPSG:21781] AoU: [yes] transformation: [axis order change (2D) + Inverse of CH1903 to WGS 84 (2) + Swiss Oblique Mercator 1903M] definition: [proj=pipeline step proj=unitconvert xy_in=deg xy_out=rad step proj=push v_3 step proj=cart ellps=WGS84 step proj=helmert x=-674.374 y=-15.056 z=-405.346 step inv proj=cart ellps=bessel step proj=pop v_3 step proj=somerc lat_0=46.9524055555556 lon_0=7.43958333333333 k_0=1 x_0=600000 y_0=200000 ellps=bessel] accuracy: [1.500 m]
  [EPSG:21781 â†’ LONG-LAT] AoU: [yes] transformation: [Inverse of Swiss Oblique Mercator 1903M + CH1903 to WGS 84 (2) + axis order change (2D)] definition: [proj=pipeline step inv proj=somerc lat_0=46.9524055555556 lon_0=7.43958333333333 k_0=1 x_0=600000 y_0=200000 ellps=bessel step proj=push v_3 step proj=cart ellps=bessel step proj=helmert x=674.374 y=15.056 z=405.346 step inv proj=cart ellps=WGS84 step proj=pop v_3 step proj=unitconvert xy_in=rad xy_out=deg] accuracy: [1.500 m]
  [EPSG:21781 â†’ EPSG:4326] AoU: [yes] transformation: [Inverse of Swiss Oblique Mercator 1903M + CH1903 to WGS 84 (2) + axis order change (2D)] definition: [proj=pipeline step inv proj=somerc lat_0=46.9524055555556 lon_0=7.43958333333333 k_0=1 x_0=600000 y_0=200000 ellps=bessel step proj=push v_3 step proj=cart ellps=bessel step proj=helmert x=674.374 y=15.056 z=405.346 step inv proj=cart ellps=WGS84 step proj=pop v_3 step proj=unitconvert xy_in=rad xy_out=deg] accuracy: [1.500 m]
########## end of CRS transformations chosen by PROJ ###########
