therion 6.1.8 (2023-06-14)
  - using Proj 9.2.1, compiled against 9.2.1
initialization file: C:\Program Files (x86)\Therion/therion.ini
reading ... done
configuration file: config.thconfig
reading ... done
reading source files ... done
preprocessing database ... done
output coordinate system: EPSG:21781
meridian convergence (deg): -0.9253
geomag declinations (deg):
  2024.1.1  3.4401
  2025.1.1  3.6029
scanning centreline tree ... done
searching for centerline loops ... done
calculating station coordinates ... done
average loop error: 1.12%
processing survey data ... 
####################### cavern log file ########################
 1> Survex 1.4.4
 2> Copyright ¸ 1990-2021 Olly Betts
 3> 
 4> Survey contains 190 survey stations, joined by 224 shots.
 5> There are 35 loops.
 6> Total length of survey shots =  322.85m ( 322.84m adjusted)
 7> Total plan length of survey shots =  299.73m
 8> Total vertical length of survey shots =   90.79m
 9> Vertical range = 36.36m (from 159 at 761.06m to 93 at 724.70m)
10> North-South range = 64.40m (from 159 at 205337.48m to 89 at 205273.08m)
11> East-West range = 119.34m (from 69 at 697119.08m to 159 at 696999.74m)
12>  154 1-nodes.
13>    1 2-node.
14>    1 3-node.
15>    3 7-nodes.
16>   18 8-nodes.
17>    7 9-nodes.
18>    5 10-nodes.
19>    1 11-node.
20> 
######################### transcription ########################
 4> 190 : 35@Lauiloch
 5> 35 : .@Lauiloch
 9> 159 : .@Lauiloch -- 93 : .@Lauiloch
10> 159 : .@Lauiloch -- 89 : 17@Lauiloch
11> 69 : .@Lauiloch -- 159 : .@Lauiloch
12> 154 : .@Lauiloch
13> 1 : 0@Lauiloch
14> 1 : 0@Lauiloch
15> 3 : 1@Lauiloch
16> 18 : .@Lauiloch
17> 7 : .@Lauiloch
18> 5 : .@Lauiloch
19> 1 : 0@Lauiloch
#################### end of cavern log file ####################
done
calculating basic statistics ... done
processing extended elevation ... done
processing references ... done
selecting export objects ... done
processing projection plan ... done
####################### metapost log file ########################
This is MetaPost, version 2.01 (TeX Live 2021/W32TeX) (kpathsea version 6.3.3)  16 JAN 2024 11:06
**data.mp
(c:/Program Files (x86)/Therion/texmf/mpost/mpost.mp
(c:/Program Files (x86)/Therion/texmf/mpost/plain.mp
Preloading the plain mem file, version 1.005) ) (./data.mp [1] )
1 output file written: data.1


#################### end of metapost log file ####################
writing Lauiloch ... done
writing Lauiloch ... done
writing Lauiloch.kml ... done
writing Lauiloch.sql ... done
writing Lauiloch.3d ... done
compilation time: 0 sec


######################### loop errors ##########################
REL-ERR ABS-ERR TOTAL-L STS X-ERROR Y-ERROR Z-ERROR STATIONS
  9.94%    0.4m    3.7m   2   -0.3m    0.1m   -0.0m [3@Lauiloch - 2 - 3]
  4.36%    0.5m   11.2m   2    0.1m   -0.5m    0.0m [9@Lauiloch - 8 - 9]
  2.45%    1.1m   44.7m   2    0.6m    0.7m   -0.6m [27@Lauiloch - 26 - 27]
  1.46%    0.0m    2.5m   2    0.0m    0.0m    0.0m [35@Lauiloch - 34 - 35]
  1.45%    0.2m   11.2m   2    0.1m    0.0m   -0.1m [1@Lauiloch - 0 - 1]
  1.44%    0.2m   13.4m   2    0.1m    0.2m   -0.0m [22@Lauiloch - 21 - 22]
  1.27%    0.2m   15.5m   2   -0.2m    0.1m   -0.0m [28@Lauiloch - 27 - 28]
  1.16%    0.1m   11.8m   2   -0.0m    0.1m   -0.0m [34@Lauiloch - 33 - 34]
  1.11%    0.1m   11.8m   2   -0.1m   -0.1m   -0.1m [13@Lauiloch - 12 - 13]
  1.02%    0.2m   16.5m   2    0.1m    0.1m   -0.1m [20@Lauiloch - 19 - 20]
  0.92%    0.1m    8.5m   2    0.0m   -0.1m   -0.0m [5@Lauiloch - 4 - 5]
  0.86%    0.3m   29.5m   2   -0.1m   -0.0m   -0.2m [26@Lauiloch - 25 - 26]
  0.83%    0.4m   43.0m   2   -0.1m    0.3m   -0.1m [14@Lauiloch - 13 - 14]
  0.83%    0.3m   37.5m   2   -0.3m   -0.0m   -0.1m [17@Lauiloch - 16 - 17]
  0.76%    0.1m   15.5m   2    0.0m    0.1m   -0.1m [29@Lauiloch - 28 - 29]
  0.75%    0.1m   10.1m   2   -0.1m    0.0m    0.0m [2@Lauiloch - 1 - 2]
  0.75%    0.3m   40.9m   2    0.1m    0.1m   -0.3m [30@Lauiloch - 29 - 30]
  0.70%    0.0m    6.4m   2   -0.0m    0.0m   -0.0m [7@Lauiloch - 6 - 7]
  0.66%    0.1m   22.5m   2    0.0m    0.1m   -0.1m [25@Lauiloch - 24 - 25]
  0.65%    0.1m    8.3m   2    0.0m    0.0m    0.0m [8@Lauiloch - 7 - 8]
  0.63%    0.1m   22.7m   2    0.0m    0.1m   -0.1m [12@Lauiloch - 11 - 12]
  0.55%    0.1m   15.6m   2   -0.1m   -0.0m   -0.1m [33@Lauiloch - 32 - 33]
  0.53%    0.2m   31.9m   2   -0.1m    0.0m   -0.2m [19@Lauiloch - 18 - 19]
  0.50%    0.2m   34.3m   2   -0.1m   -0.1m   -0.1m [24@Lauiloch - 23 - 24]
  0.49%    0.1m   12.1m   2   -0.0m    0.0m   -0.0m [31@Lauiloch - 30 - 31]
  0.43%    0.1m   16.5m   2    0.0m    0.0m   -0.1m [6@Lauiloch - 5 - 6]
  0.39%    0.1m   20.7m   2   -0.1m    0.0m   -0.0m [32@Lauiloch - 31 - 32]
  0.37%    0.1m   19.7m   2    0.0m    0.0m   -0.1m [21@Lauiloch - 20 - 21]
  0.34%    0.0m   14.6m   2   -0.0m    0.0m   -0.0m [15@Lauiloch - 14 - 15]
  0.30%    0.1m   17.6m   2   -0.0m   -0.0m   -0.0m [16@Lauiloch - 15 - 16]
  0.29%    0.0m    9.9m   2   -0.0m   -0.0m    0.0m [4@Lauiloch - 3 - 4]
  0.28%    0.1m   19.4m   2    0.0m    0.0m   -0.1m [18@Lauiloch - 17 - 18]
  0.28%    0.0m   14.2m   2    0.0m   -0.0m    0.0m [10@Lauiloch - 9 - 10]
  0.26%    0.0m   15.8m   2   -0.0m    0.0m   -0.0m [11@Lauiloch - 10 - 11]
  0.23%    0.0m   14.1m   2   -0.0m   -0.0m   -0.0m [23@Lauiloch - 22 - 23]
##################### end of loop errors #######################

############# CRS transformations chosen by PROJ ###############
  Area of Use (AoU): (8.714, 46.992) (8.714, 46.992)
  [LAT-LONG â†’ LAT-LONG] AoU: [no] transformation: [axis order change (2D) + Null geographic offset from WGS 84 to WGS 84 + axis order change (2D)] definition: [proj=noop ellps=GRS80] accuracy: [0.000 m]
  [LAT-LONG â†’ EPSG:21781] AoU: [yes] transformation: [axis order change (2D) + Inverse of CH1903 to WGS 84 (2) + Swiss Oblique Mercator 1903M] definition: [proj=pipeline step proj=unitconvert xy_in=deg xy_out=rad step proj=push v_3 step proj=cart ellps=WGS84 step proj=helmert x=-674.374 y=-15.056 z=-405.346 step inv proj=cart ellps=bessel step proj=pop v_3 step proj=somerc lat_0=46.9524055555556 lon_0=7.43958333333333 k_0=1 x_0=600000 y_0=200000 ellps=bessel] accuracy: [1.500 m]
  [EPSG:4326 â†’ EPSG:21781] AoU: [yes] transformation: [axis order change (2D) + Inverse of CH1903 to WGS 84 (2) + Swiss Oblique Mercator 1903M] definition: [proj=pipeline step proj=unitconvert xy_in=deg xy_out=rad step proj=push v_3 step proj=cart ellps=WGS84 step proj=helmert x=-674.374 y=-15.056 z=-405.346 step inv proj=cart ellps=bessel step proj=pop v_3 step proj=somerc lat_0=46.9524055555556 lon_0=7.43958333333333 k_0=1 x_0=600000 y_0=200000 ellps=bessel] accuracy: [1.500 m]
  [EPSG:21781 â†’ LONG-LAT] AoU: [yes] transformation: [Inverse of Swiss Oblique Mercator 1903M + CH1903 to WGS 84 (2) + axis order change (2D)] definition: [proj=pipeline step inv proj=somerc lat_0=46.9524055555556 lon_0=7.43958333333333 k_0=1 x_0=600000 y_0=200000 ellps=bessel step proj=push v_3 step proj=cart ellps=bessel step proj=helmert x=674.374 y=15.056 z=405.346 step inv proj=cart ellps=WGS84 step proj=pop v_3 step proj=unitconvert xy_in=rad xy_out=deg] accuracy: [1.500 m]
  [EPSG:21781 â†’ EPSG:4326] AoU: [yes] transformation: [Inverse of Swiss Oblique Mercator 1903M + CH1903 to WGS 84 (2) + axis order change (2D)] definition: [proj=pipeline step inv proj=somerc lat_0=46.9524055555556 lon_0=7.43958333333333 k_0=1 x_0=600000 y_0=200000 ellps=bessel step proj=push v_3 step proj=cart ellps=bessel step proj=helmert x=674.374 y=15.056 z=405.346 step inv proj=cart ellps=WGS84 step proj=pop v_3 step proj=unitconvert xy_in=rad xy_out=deg] accuracy: [1.500 m]
########## end of CRS transformations chosen by PROJ ###########
