therion 6.1.8 (2023-06-14)
  - using Proj 9.2.1, compiled against 9.2.1
initialization file: C:\Program Files (x86)\Therion/therion.ini
reading ... done
configuration file: f:\ScanLeica\from_pointcloud_to_mesh\real_data\19_Lekinka\therion\config.thconfig
reading ... done
reading source files ... done
preprocessing database ... done
output coordinate system: EPSG:3912
meridian convergence (deg): 4.4138
geomag declinations (deg):
  2024.1.1  3.6157
  2025.1.1  3.7862
scanning centreline tree ... done
searching for centerline loops ... done
calculating station coordinates ... done
average loop error: 0.80%
processing survey data ... 
####################### cavern log file ########################
 1> Survex 1.4.4
 2> Copyright ¸ 1990-2021 Olly Betts
 3> 
 4> La topographie contient 276 stations, connect‚es par 305 vis‚es.
 5> Il y a 30 bouclages.
 6> Longueur totale de la topographie =  231.97m ( 232.01m ajust‚)
 7> Longueur totale en projection horizontale =  230.60m
 8> Longueur totale verticale =   19.74m
 9> Intervalle vertical = 10.87m (de 129 … 514.09m jusqu'… 229 … 503.22m)
10> Intervalle Nord-Sud = 43.81m (de 33 … 437691.16m jusqu'… 133 … 437647.35m)
11> Intervalle Est-Ouest = 127.21m (de 237 … 72027.19m jusqu'… 253 … 71899.98m)
12>  245 1-noeuds.
13>    1 3-noeud.
14>    1 8-noeud.
15>    1 9-noeud.
16>    4 10-noeuds.
17>    6 11-noeuds.
18>    6 12-noeuds.
19>    4 13-noeuds.
20>    5 14-noeuds.
21>    3 15-noeuds.
22> 
######################### transcription ########################
 4> 276 : .@Lekinka
 5> 30 : .@Lekinka
 9> 129 : .@Lekinka -- 229 : .@Lekinka
10> 33 : .@Lekinka -- 133 : 16@Lekinka
11> 237 : .@Lekinka -- 253 : .@Lekinka
12> 245 : .@Lekinka
13> 1 : 0@Lekinka
14> 1 : 0@Lekinka
15> 1 : 0@Lekinka
16> 4 : .@Lekinka
17> 6 : .@Lekinka
18> 6 : .@Lekinka
19> 4 : .@Lekinka
20> 5 : .@Lekinka
21> 3 : .@Lekinka
#################### end of cavern log file ####################
done
calculating basic statistics ... done
processing extended elevation ... done
processing references ... done
selecting export objects ... done
writing Lekinka.3d ... done
writing Lekinka.sql ... done
writing Lekinka.csv ... done
compilation time: 0 sec


######################### loop errors ##########################
REL-ERR ABS-ERR TOTAL-L STS X-ERROR Y-ERROR Z-ERROR STATIONS
  2.10%    0.2m   10.0m   2    0.2m   -0.1m   -0.0m [30@Lekinka - 29 - 30]
  1.69%    0.2m    9.1m   2   -0.1m   -0.1m    0.0m [5@Lekinka - 6 - 5]
  1.65%    0.4m   23.1m   2   -0.3m   -0.3m    0.1m [24@Lekinka - 25 - 24]
  1.63%    0.1m    7.2m   2    0.1m    0.1m    0.0m [19@Lekinka - 20 - 19]
  1.58%    0.2m   13.3m   2    0.2m   -0.1m    0.0m [9@Lekinka - 10 - 9]
  1.40%    0.1m   10.5m   2    0.1m   -0.1m   -0.0m [16@Lekinka - 17 - 16]
  1.35%    0.3m   23.2m   2   -0.2m   -0.2m    0.1m [4@Lekinka - 5 - 4]
  1.16%    0.1m   11.7m   2    0.1m   -0.1m    0.0m [25@Lekinka - 26 - 25]
  0.92%    0.2m   22.9m   2    0.2m   -0.0m    0.1m [23@Lekinka - 24 - 23]
  0.86%    0.1m   17.3m   2   -0.0m   -0.1m    0.1m [8@Lekinka - 9 - 8]
  0.80%    0.2m   27.0m   2    0.2m    0.2m    0.0m [10@Lekinka - 11 - 10]
  0.78%    0.1m   10.5m   2    0.1m   -0.0m   -0.0m [27@Lekinka - 0 - 27]
  0.69%    0.1m   16.9m   2   -0.0m   -0.1m    0.1m [1@Lekinka - 2 - 1]
  0.65%    0.1m   16.9m   2   -0.0m   -0.1m    0.0m [15@Lekinka - 16 - 15]
  0.59%    0.1m   14.3m   2    0.1m   -0.0m    0.0m [20@Lekinka - 21 - 20]
  0.58%    0.1m   13.7m   2    0.0m    0.1m   -0.0m [28@Lekinka - 27 - 28]
  0.57%    0.1m   19.5m   2   -0.1m   -0.0m    0.1m [7@Lekinka - 8 - 7]
  0.56%    0.1m   16.1m   2   -0.1m    0.0m    0.1m [12@Lekinka - 13 - 12]
  0.52%    0.1m   22.7m   2   -0.0m   -0.0m    0.1m [0@Lekinka - 1 - 0]
  0.50%    0.1m   15.7m   2    0.0m   -0.0m    0.1m [6@Lekinka - 7 - 6]
  0.47%    0.0m    5.5m   2   -0.0m   -0.0m    0.0m [2@Lekinka - 3 - 2]
  0.45%    0.1m   22.5m   2    0.0m   -0.1m    0.1m [21@Lekinka - 22 - 21]
  0.44%    0.1m   15.9m   2    0.1m   -0.0m    0.0m [2@Lekinka - 4 - 2]
  0.35%    0.1m   14.9m   2   -0.0m   -0.0m   -0.0m [29@Lekinka - 28 - 29]
  0.34%    0.1m   25.5m   2    0.0m    0.0m    0.1m [11@Lekinka - 12 - 11]
  0.32%    0.0m   12.8m   2    0.0m   -0.0m    0.0m [13@Lekinka - 14 - 13]
  0.32%    0.1m   17.9m   2   -0.0m   -0.0m    0.0m [22@Lekinka - 23 - 22]
  0.29%    0.0m   10.8m   2    0.0m   -0.0m    0.0m [18@Lekinka - 19 - 18]
  0.24%    0.0m    6.3m   2    0.0m   -0.0m    0.0m [17@Lekinka - 18 - 17]
  0.12%    0.0m   10.2m   2    0.0m   -0.0m    0.0m [14@Lekinka - 15 - 14]
##################### end of loop errors #######################

############# CRS transformations chosen by PROJ ###############
  Area of Use (AoU): (9.150, 48.933) (9.150, 48.933)
  [EPSG:3912 â†’ LONG-LAT] AoU: [yes] transformation: [Inverse of Slovene National Grid + Ballpark geographic offset from MGI 1901 to WGS 84 + axis order change (2D)] definition: [proj=pipeline step inv proj=tmerc lat_0=0 lon_0=15 k=0.9999 x_0=500000 y_0=-5000000 ellps=bessel step proj=unitconvert xy_in=rad xy_out=deg] accuracy: [-1.000 m]
  [EPSG:3912 â†’ LAT-LONG] AoU: [no] transformation: [Inverse of Slovene National Grid + MGI 1901 to WGS 84 (16) + axis order change (2D)] definition: [proj=pipeline step inv proj=tmerc lat_0=0 lon_0=15 k=0.9999 x_0=500000 y_0=-5000000 ellps=bessel step proj=push v_3 step proj=cart ellps=bessel step proj=helmert x=476.08 y=125.947 z=417.81 rx=-4.610862 ry=-2.388137 rz=11.942335 s=9.896638 convention=coordinate_frame step inv proj=cart ellps=WGS84 step proj=pop v_3 step proj=unitconvert xy_in=rad xy_out=deg] accuracy: [1.000 m]
  [EPSG:3912 â†’ EPSG:3912] AoU: [yes] transformation: [Inverse of Slovene National Grid + Slovene National Grid] definition: [proj=noop ellps=GRS80] accuracy: [0.000 m]
  [EPSG:3912 â†’ EPSG:4326] AoU: [yes] transformation: [Inverse of Slovene National Grid + Ballpark geographic offset from MGI 1901 to WGS 84 + axis order change (2D)] definition: [proj=pipeline step inv proj=tmerc lat_0=0 lon_0=15 k=0.9999 x_0=500000 y_0=-5000000 ellps=bessel step proj=unitconvert xy_in=rad xy_out=deg] accuracy: [-1.000 m]
  [EPSG:4326 â†’ EPSG:3912] AoU: [yes] transformation: [axis order change (2D) + Ballpark geographic offset from WGS 84 to MGI 1901 + Slovene National Grid] definition: [proj=pipeline step proj=unitconvert xy_in=deg xy_out=rad step proj=tmerc lat_0=0 lon_0=15 k=0.9999 x_0=500000 y_0=-5000000 ellps=bessel] accuracy: [-1.000 m]
########## end of CRS transformations chosen by PROJ ###########
